<?xml version="1.0" encoding="UTF-8"?>
<!-- Generated by org.testng.reporters.JUnitXMLReporter -->
<testsuite hostname="LAPTOP-RT2GVEB6" ignored="0" name="Test1" tests="2" failures="1" timestamp="2021-09-27T12:38:06 IST" time="0.051" errors="0">
  <testcase name="InvalidCredentials" time="0.012" classname="LoginTests.AppTest">
    <failure type="java.lang.AssertionError" message="expected [true] but found [false]">
      <![CDATA[java.lang.AssertionError: expected [true] but found [false]
at LoginTests.AppTest.InvalidCredentials(AppTest.java:19)
at java.util.ArrayList.forEach(ArrayList.java:1259)
... Removed 31 stack frames]]>
    </failure>
  </testcase> <!-- InvalidCredentials -->
  <testcase name="validCredentials" time="0.0" classname="LoginTests.AppTest"/>
</testsuite> <!-- Test1 -->
