<?xml version="1.0" encoding="UTF-8"?>
<!-- Generated by org.testng.reporters.JUnitXMLReporter -->
<testsuite hostname="LAPTOP-RT2GVEB6" ignored="0" name="Test1" tests="2" failures="1" timestamp="27 Sep 2021 07:18:09 GMT" time="0.071" errors="0">
  <testcase name="InvalidCredentials" time="0.018" classname="LoginTests.AppTest">
    <failure type="java.lang.AssertionError" message="expected [true] but found [false]">
      <![CDATA[java.lang.AssertionError: expected [true] but found [false]
at LoginTests.AppTest.InvalidCredentials(AppTest.java:19)
... Removed 33 stack frames]]>
    </failure>
  </testcase> <!-- InvalidCredentials -->
  <testcase name="validCredentials" time="0.001" classname="LoginTests.AppTest"/>
</testsuite> <!-- Test1 -->
